Compiling the C compiler identification source file "CMakeCCompilerId.c" failed.
Compiler: /Applications/Xcode.app/Contents/Developer/Toolchains/XcodeDefault.xctoolchain/usr/bin/cc 
Build flags: 
Id flags:  

The output was:
1
ld: library not found for -lSystem
clang: error: linker command failed with exit code 1 (use -v to see invocation)


Determining if the include file endian.h exists failed with the following output:
Change Dir: /Users/joaovictoripirajadealencar/CLionProjects/Cchat/json-c-build/CMakeFiles/CMakeTmp

Run Build Command(s):/usr/bin/make cmTC_685cc/fast && /Applications/Xcode.app/Contents/Developer/usr/bin/make  -f CMakeFiles/cmTC_685cc.dir/build.make CMakeFiles/cmTC_685cc.dir/build
Building C object CMakeFiles/cmTC_685cc.dir/CheckIncludeFile.c.o
/Applications/Xcode.app/Contents/Developer/Toolchains/XcodeDefault.xctoolchain/usr/bin/cc -D_GNU_SOURCE  -isysroot /Applications/Xcode.app/Contents/Developer/Platforms/MacOSX.platform/Developer/SDKs/MacOSX11.0.sdk -fPIE -o CMakeFiles/cmTC_685cc.dir/CheckIncludeFile.c.o -c /Users/joaovictoripirajadealencar/CLionProjects/Cchat/json-c-build/CMakeFiles/CMakeTmp/CheckIncludeFile.c
/Users/joaovictoripirajadealencar/CLionProjects/Cchat/json-c-build/CMakeFiles/CMakeTmp/CheckIncludeFile.c:1:10: fatal error: 'endian.h' file not found
#include <endian.h>
         ^~~~~~~~~~
1 error generated.
make[1]: *** [CMakeFiles/cmTC_685cc.dir/CheckIncludeFile.c.o] Error 1
make: *** [cmTC_685cc/fast] Error 2



Determining if the include file sys/random.h exists failed with the following output:
Change Dir: /Users/joaovictoripirajadealencar/CLionProjects/Cchat/json-c-build/CMakeFiles/CMakeTmp

Run Build Command(s):/usr/bin/make cmTC_1ddb5/fast && /Applications/Xcode.app/Contents/Developer/usr/bin/make  -f CMakeFiles/cmTC_1ddb5.dir/build.make CMakeFiles/cmTC_1ddb5.dir/build
Building C object CMakeFiles/cmTC_1ddb5.dir/CheckIncludeFile.c.o
/Applications/Xcode.app/Contents/Developer/Toolchains/XcodeDefault.xctoolchain/usr/bin/cc -D_GNU_SOURCE  -isysroot /Applications/Xcode.app/Contents/Developer/Platforms/MacOSX.platform/Developer/SDKs/MacOSX11.0.sdk -fPIE -o CMakeFiles/cmTC_1ddb5.dir/CheckIncludeFile.c.o -c /Users/joaovictoripirajadealencar/CLionProjects/Cchat/json-c-build/CMakeFiles/CMakeTmp/CheckIncludeFile.c
In file included from /Users/joaovictoripirajadealencar/CLionProjects/Cchat/json-c-build/CMakeFiles/CMakeTmp/CheckIncludeFile.c:1:
/Applications/Xcode.app/Contents/Developer/Platforms/MacOSX.platform/Developer/SDKs/MacOSX11.0.sdk/usr/include/sys/random.h:36:21: error: expected parameter declarator
    __OSX_AVAILABLE(10.12) __IOS_AVAILABLE(10.0) __TVOS_AVAILABLE(10.0) __WATCHOS_AVAILABLE(3.0)
                    ^
/Applications/Xcode.app/Contents/Developer/Platforms/MacOSX.platform/Developer/SDKs/MacOSX11.0.sdk/usr/include/sys/random.h:36:21: error: expected ')'
/Applications/Xcode.app/Contents/Developer/Platforms/MacOSX.platform/Developer/SDKs/MacOSX11.0.sdk/usr/include/sys/random.h:36:20: note: to match this '('
    __OSX_AVAILABLE(10.12) __IOS_AVAILABLE(10.0) __TVOS_AVAILABLE(10.0) __WATCHOS_AVAILABLE(3.0)
                   ^
/Applications/Xcode.app/Contents/Developer/Platforms/MacOSX.platform/Developer/SDKs/MacOSX11.0.sdk/usr/include/sys/random.h:36:28: error: expected function body after function declarator
    __OSX_AVAILABLE(10.12) __IOS_AVAILABLE(10.0) __TVOS_AVAILABLE(10.0) __WATCHOS_AVAILABLE(3.0)
                           ^
3 errors generated.
make[1]: *** [CMakeFiles/cmTC_1ddb5.dir/CheckIncludeFile.c.o] Error 1
make: *** [cmTC_1ddb5/fast] Error 2



Determining if the _isnan exist failed with the following output:
Change Dir: /Users/joaovictoripirajadealencar/CLionProjects/Cchat/json-c-build/CMakeFiles/CMakeTmp

Run Build Command(s):/usr/bin/make cmTC_28a67/fast && /Applications/Xcode.app/Contents/Developer/usr/bin/make  -f CMakeFiles/cmTC_28a67.dir/build.make CMakeFiles/cmTC_28a67.dir/build
Building C object CMakeFiles/cmTC_28a67.dir/CheckSymbolExists.c.o
/Applications/Xcode.app/Contents/Developer/Toolchains/XcodeDefault.xctoolchain/usr/bin/cc -D_GNU_SOURCE  -isysroot /Applications/Xcode.app/Contents/Developer/Platforms/MacOSX.platform/Developer/SDKs/MacOSX11.0.sdk -fPIE -o CMakeFiles/cmTC_28a67.dir/CheckSymbolExists.c.o -c /Users/joaovictoripirajadealencar/CLionProjects/Cchat/json-c-build/CMakeFiles/CMakeTmp/CheckSymbolExists.c
/Users/joaovictoripirajadealencar/CLionProjects/Cchat/json-c-build/CMakeFiles/CMakeTmp/CheckSymbolExists.c:8:19: error: use of undeclared identifier '_isnan'
  return ((int*)(&_isnan))[argc];
                  ^
1 error generated.
make[1]: *** [CMakeFiles/cmTC_28a67.dir/CheckSymbolExists.c.o] Error 1
make: *** [cmTC_28a67/fast] Error 2


File /Users/joaovictoripirajadealencar/CLionProjects/Cchat/json-c-build/CMakeFiles/CMakeTmp/CheckSymbolExists.c:
/* */
#include <float.h>

int main(int argc, char** argv)
{
  (void)argv;
#ifndef _isnan
  return ((int*)(&_isnan))[argc];
#else
  (void)argc;
  return 0;
#endif
}
Determining if the _finite exist failed with the following output:
Change Dir: /Users/joaovictoripirajadealencar/CLionProjects/Cchat/json-c-build/CMakeFiles/CMakeTmp

Run Build Command(s):/usr/bin/make cmTC_df1a4/fast && /Applications/Xcode.app/Contents/Developer/usr/bin/make  -f CMakeFiles/cmTC_df1a4.dir/build.make CMakeFiles/cmTC_df1a4.dir/build
Building C object CMakeFiles/cmTC_df1a4.dir/CheckSymbolExists.c.o
/Applications/Xcode.app/Contents/Developer/Toolchains/XcodeDefault.xctoolchain/usr/bin/cc -D_GNU_SOURCE  -isysroot /Applications/Xcode.app/Contents/Developer/Platforms/MacOSX.platform/Developer/SDKs/MacOSX11.0.sdk -fPIE -o CMakeFiles/cmTC_df1a4.dir/CheckSymbolExists.c.o -c /Users/joaovictoripirajadealencar/CLionProjects/Cchat/json-c-build/CMakeFiles/CMakeTmp/CheckSymbolExists.c
/Users/joaovictoripirajadealencar/CLionProjects/Cchat/json-c-build/CMakeFiles/CMakeTmp/CheckSymbolExists.c:8:19: error: use of undeclared identifier '_finite'
  return ((int*)(&_finite))[argc];
                  ^
1 error generated.
make[1]: *** [CMakeFiles/cmTC_df1a4.dir/CheckSymbolExists.c.o] Error 1
make: *** [cmTC_df1a4/fast] Error 2


File /Users/joaovictoripirajadealencar/CLionProjects/Cchat/json-c-build/CMakeFiles/CMakeTmp/CheckSymbolExists.c:
/* */
#include <float.h>

int main(int argc, char** argv)
{
  (void)argv;
#ifndef _finite
  return ((int*)(&_finite))[argc];
#else
  (void)argc;
  return 0;
#endif
}
Determining if the _doprnt exist failed with the following output:
Change Dir: /Users/joaovictoripirajadealencar/CLionProjects/Cchat/json-c-build/CMakeFiles/CMakeTmp

Run Build Command(s):/usr/bin/make cmTC_b72f6/fast && /Applications/Xcode.app/Contents/Developer/usr/bin/make  -f CMakeFiles/cmTC_b72f6.dir/build.make CMakeFiles/cmTC_b72f6.dir/build
Building C object CMakeFiles/cmTC_b72f6.dir/CheckSymbolExists.c.o
/Applications/Xcode.app/Contents/Developer/Toolchains/XcodeDefault.xctoolchain/usr/bin/cc -D_GNU_SOURCE  -isysroot /Applications/Xcode.app/Contents/Developer/Platforms/MacOSX.platform/Developer/SDKs/MacOSX11.0.sdk -fPIE -o CMakeFiles/cmTC_b72f6.dir/CheckSymbolExists.c.o -c /Users/joaovictoripirajadealencar/CLionProjects/Cchat/json-c-build/CMakeFiles/CMakeTmp/CheckSymbolExists.c
/Users/joaovictoripirajadealencar/CLionProjects/Cchat/json-c-build/CMakeFiles/CMakeTmp/CheckSymbolExists.c:8:19: error: use of undeclared identifier '_doprnt'; did you mean 'fdopen'?
  return ((int*)(&_doprnt))[argc];
                  ^~~~~~~
                  fdopen
/Applications/Xcode.app/Contents/Developer/Platforms/MacOSX.platform/Developer/SDKs/MacOSX11.0.sdk/usr/include/stdio.h:210:7: note: 'fdopen' declared here
FILE    *fdopen(int, const char *) __DARWIN_ALIAS_STARTING(__MAC_10_6, __IPHONE_2_0, __DARWIN_ALIAS(fdopen));
         ^
1 error generated.
make[1]: *** [CMakeFiles/cmTC_b72f6.dir/CheckSymbolExists.c.o] Error 1
make: *** [cmTC_b72f6/fast] Error 2


File /Users/joaovictoripirajadealencar/CLionProjects/Cchat/json-c-build/CMakeFiles/CMakeTmp/CheckSymbolExists.c:
/* */
#include <stdio.h>

int main(int argc, char** argv)
{
  (void)argv;
#ifndef _doprnt
  return ((int*)(&_doprnt))[argc];
#else
  (void)argc;
  return 0;
#endif
}
Determining if the uselocale exist failed with the following output:
Change Dir: /Users/joaovictoripirajadealencar/CLionProjects/Cchat/json-c-build/CMakeFiles/CMakeTmp

Run Build Command(s):/usr/bin/make cmTC_cc291/fast && /Applications/Xcode.app/Contents/Developer/usr/bin/make  -f CMakeFiles/cmTC_cc291.dir/build.make CMakeFiles/cmTC_cc291.dir/build
Building C object CMakeFiles/cmTC_cc291.dir/CheckSymbolExists.c.o
/Applications/Xcode.app/Contents/Developer/Toolchains/XcodeDefault.xctoolchain/usr/bin/cc -D_GNU_SOURCE  -isysroot /Applications/Xcode.app/Contents/Developer/Platforms/MacOSX.platform/Developer/SDKs/MacOSX11.0.sdk -fPIE -o CMakeFiles/cmTC_cc291.dir/CheckSymbolExists.c.o -c /Users/joaovictoripirajadealencar/CLionProjects/Cchat/json-c-build/CMakeFiles/CMakeTmp/CheckSymbolExists.c
/Users/joaovictoripirajadealencar/CLionProjects/Cchat/json-c-build/CMakeFiles/CMakeTmp/CheckSymbolExists.c:8:19: error: use of undeclared identifier 'uselocale'; did you mean 'setlocale'?
  return ((int*)(&uselocale))[argc];
                  ^~~~~~~~~
                  setlocale
/Applications/Xcode.app/Contents/Developer/Platforms/MacOSX.platform/Developer/SDKs/MacOSX11.0.sdk/usr/include/locale.h:53:8: note: 'setlocale' declared here
char            *setlocale(int, const char *);
                 ^
1 error generated.
make[1]: *** [CMakeFiles/cmTC_cc291.dir/CheckSymbolExists.c.o] Error 1
make: *** [cmTC_cc291/fast] Error 2


File /Users/joaovictoripirajadealencar/CLionProjects/Cchat/json-c-build/CMakeFiles/CMakeTmp/CheckSymbolExists.c:
/* */
#include <locale.h>

int main(int argc, char** argv)
{
  (void)argv;
#ifndef uselocale
  return ((int*)(&uselocale))[argc];
#else
  (void)argc;
  return 0;
#endif
}
Performing C SOURCE FILE Test HAS_GNU_WARNING_LONG failed with the following output:
Change Dir: /Users/joaovictoripirajadealencar/CLionProjects/Cchat/json-c-build/CMakeFiles/CMakeTmp

Run Build Command(s):/usr/bin/make cmTC_03dca/fast && /Applications/Xcode.app/Contents/Developer/usr/bin/make  -f CMakeFiles/cmTC_03dca.dir/build.make CMakeFiles/cmTC_03dca.dir/build
Building C object CMakeFiles/cmTC_03dca.dir/src.c.o
/Applications/Xcode.app/Contents/Developer/Toolchains/XcodeDefault.xctoolchain/usr/bin/cc -DHAS_GNU_WARNING_LONG -D_GNU_SOURCE  -isysroot /Applications/Xcode.app/Contents/Developer/Platforms/MacOSX.platform/Developer/SDKs/MacOSX11.0.sdk -fPIE -o CMakeFiles/cmTC_03dca.dir/src.c.o -c /Users/joaovictoripirajadealencar/CLionProjects/Cchat/json-c-build/CMakeFiles/CMakeTmp/src.c
/Users/joaovictoripirajadealencar/CLionProjects/Cchat/json-c-build/CMakeFiles/CMakeTmp/src.c:3:9: warning: missing terminating '"' character [-Winvalid-pp-token]
__asm__(".section .gnu.json_object_get
        ^
/Users/joaovictoripirajadealencar/CLionProjects/Cchat/json-c-build/CMakeFiles/CMakeTmp/src.c:3:9: error: expected string literal in 'asm'
/Users/joaovictoripirajadealencar/CLionProjects/Cchat/json-c-build/CMakeFiles/CMakeTmp/src.c:5:7: warning: missing terminating '"' character [-Winvalid-pp-token]
        .text");
             ^
/Users/joaovictoripirajadealencar/CLionProjects/Cchat/json-c-build/CMakeFiles/CMakeTmp/src.c:6:38: error: expected ';' after top-level asm block
int main(int c, char *v) { return 0;}
                                     ^
                                     ;
2 warnings and 2 errors generated.
make[1]: *** [CMakeFiles/cmTC_03dca.dir/src.c.o] Error 1
make: *** [cmTC_03dca/fast] Error 2


Source file was:

extern void json_object_get();
__asm__(".section .gnu.json_object_get
	.ascii "Please link against libjson-c instead of libjson"
	.text");
int main(int c, char *v) { return 0;}

Performing C SOURCE FILE Test BSYMBOLIC_WORKS failed with the following output:
Change Dir: /Users/joaovictoripirajadealencar/CLionProjects/Cchat/json-c-build/CMakeFiles/CMakeTmp

Run Build Command(s):/usr/bin/make cmTC_71901/fast && /Applications/Xcode.app/Contents/Developer/usr/bin/make  -f CMakeFiles/cmTC_71901.dir/build.make CMakeFiles/cmTC_71901.dir/build
Building C object CMakeFiles/cmTC_71901.dir/src.c.o
/Applications/Xcode.app/Contents/Developer/Toolchains/XcodeDefault.xctoolchain/usr/bin/cc -DBSYMBOLIC_WORKS -D_GNU_SOURCE  -ffunction-sections -fdata-sections -Werror -Wall -Wcast-qual -Wno-error=deprecated-declarations -Wextra -Wwrite-strings -Wno-unused-parameter -Wstrict-prototypes  -isysroot /Applications/Xcode.app/Contents/Developer/Platforms/MacOSX.platform/Developer/SDKs/MacOSX11.0.sdk -fPIE -o CMakeFiles/cmTC_71901.dir/src.c.o -c /Users/joaovictoripirajadealencar/CLionProjects/Cchat/json-c-build/CMakeFiles/CMakeTmp/src.c
Linking C executable cmTC_71901
/usr/local/Cellar/cmake/3.19.4/bin/cmake -E cmake_link_script CMakeFiles/cmTC_71901.dir/link.txt --verbose=1
/Applications/Xcode.app/Contents/Developer/Toolchains/XcodeDefault.xctoolchain/usr/bin/cc  -ffunction-sections -fdata-sections -Werror -Wall -Wcast-qual -Wno-error=deprecated-declarations -Wextra -Wwrite-strings -Wno-unused-parameter -Wstrict-prototypes  -isysroot /Applications/Xcode.app/Contents/Developer/Platforms/MacOSX.platform/Developer/SDKs/MacOSX11.0.sdk -Wl,-search_paths_first -Wl,-headerpad_max_install_names CMakeFiles/cmTC_71901.dir/src.c.o -o cmTC_71901  -lm -Wl,-Bsymbolic-functions 
ld: unknown option: -Bsymbolic-functions
clang: error: linker command failed with exit code 1 (use -v to see invocation)
make[1]: *** [cmTC_71901] Error 1
make: *** [cmTC_71901/fast] Error 2


Source file was:

	int main (void)
	{
	  return 0;
	}
	
Performing C SOURCE FILE Test VERSION_SCRIPT_WORKS failed with the following output:
Change Dir: /Users/joaovictoripirajadealencar/CLionProjects/Cchat/json-c-build/CMakeFiles/CMakeTmp

Run Build Command(s):/usr/bin/make cmTC_4191d/fast && /Applications/Xcode.app/Contents/Developer/usr/bin/make  -f CMakeFiles/cmTC_4191d.dir/build.make CMakeFiles/cmTC_4191d.dir/build
Building C object CMakeFiles/cmTC_4191d.dir/src.c.o
/Applications/Xcode.app/Contents/Developer/Toolchains/XcodeDefault.xctoolchain/usr/bin/cc -DVERSION_SCRIPT_WORKS -D_GNU_SOURCE  -ffunction-sections -fdata-sections -Werror -Wall -Wcast-qual -Wno-error=deprecated-declarations -Wextra -Wwrite-strings -Wno-unused-parameter -Wstrict-prototypes  -isysroot /Applications/Xcode.app/Contents/Developer/Platforms/MacOSX.platform/Developer/SDKs/MacOSX11.0.sdk -fPIE -o CMakeFiles/cmTC_4191d.dir/src.c.o -c /Users/joaovictoripirajadealencar/CLionProjects/Cchat/json-c-build/CMakeFiles/CMakeTmp/src.c
Linking C executable cmTC_4191d
/usr/local/Cellar/cmake/3.19.4/bin/cmake -E cmake_link_script CMakeFiles/cmTC_4191d.dir/link.txt --verbose=1
/Applications/Xcode.app/Contents/Developer/Toolchains/XcodeDefault.xctoolchain/usr/bin/cc  -ffunction-sections -fdata-sections -Werror -Wall -Wcast-qual -Wno-error=deprecated-declarations -Wextra -Wwrite-strings -Wno-unused-parameter -Wstrict-prototypes  -isysroot /Applications/Xcode.app/Contents/Developer/Platforms/MacOSX.platform/Developer/SDKs/MacOSX11.0.sdk -Wl,-search_paths_first -Wl,-headerpad_max_install_names CMakeFiles/cmTC_4191d.dir/src.c.o -o cmTC_4191d  -lm -Wl,--version-script,/Users/joaovictoripirajadealencar/CLionProjects/Cchat/json-c-build/check-version-script.sym 
ld: unknown option: --version-script
clang: error: linker command failed with exit code 1 (use -v to see invocation)
make[1]: *** [cmTC_4191d] Error 1
make: *** [cmTC_4191d/fast] Error 2


Source file was:

	int main (void)
	{
	  return 0;
	}
	
